    <dependencies>
        <dependency>
            <groupId>org.junit.jupiter</groupId>
            <artifactId>junit-jupiter</artifactId>
            <version>5.10.0</version>
            <scope>test</scope>
        </dependency>
    </dependencies>